ERROR - 2023-07-11 04:30:12 --> Error connecting to the database: mysqli_sql_exception: Access denied for user ''@'localhost' (using password: NO) in C:\xampp\htdocs\cloudy\system\Database\MySQLi\Connection.php:174
Stack trace:
#0 C:\xampp\htdocs\cloudy\system\Database\MySQLi\Connection.php(174): mysqli->real_connect('localhost', '', '', 'cloudy', 3306, '', 0)
#1 C:\xampp\htdocs\cloudy\system\Database\BaseConnection.php(391): CodeIgniter\Database\MySQLi\Connection->connect(false)
#2 C:\xampp\htdocs\cloudy\system\Database\BaseConnection.php(574): CodeIgniter\Database\BaseConnection->initialize()
#3 C:\xampp\htdocs\cloudy\system\Database\BaseBuilder.php(1616): CodeIgniter\Database\BaseConnection->query('SELECT *\nFROM `...', Array, false)
#4 C:\xampp\htdocs\cloudy\system\Model.php(241): CodeIgniter\Database\BaseBuilder->get()
#5 C:\xampp\htdocs\cloudy\system\BaseModel.php(618): CodeIgniter\Model->doFindAll(0, 0)
#6 C:\xampp\htdocs\cloudy\app\Controllers\Home.php(14): CodeIgniter\BaseModel->findAll()
#7 C:\xampp\htdocs\cloudy\system\CodeIgniter.php(932): App\Controllers\Home->index()
#8 C:\xampp\htdocs\cloudy\system\CodeIgniter.php(497): CodeIgniter\CodeIgniter->runController(Object(App\Controllers\Home))
#9 C:\xampp\htdocs\cloudy\system\CodeIgniter.php(366): CodeIgniter\CodeIgniter->handleRequest(NULL, Object(Config\Cache), false)
#10 C:\xampp\htdocs\cloudy\index.php(67): CodeIgniter\CodeIgniter->run()
#11 {main}

Next CodeIgniter\Database\Exceptions\DatabaseException: Access denied for user ''@'localhost' (using password: NO) in C:\xampp\htdocs\cloudy\system\Database\MySQLi\Connection.php:218
Stack trace:
#0 C:\xampp\htdocs\cloudy\system\Database\BaseConnection.php(391): CodeIgniter\Database\MySQLi\Connection->connect(false)
#1 C:\xampp\htdocs\cloudy\system\Database\BaseConnection.php(574): CodeIgniter\Database\BaseConnection->initialize()
#2 C:\xampp\htdocs\cloudy\system\Database\BaseBuilder.php(1616): CodeIgniter\Database\BaseConnection->query('SELECT *\nFROM `...', Array, false)
#3 C:\xampp\htdocs\cloudy\system\Model.php(241): CodeIgniter\Database\BaseBuilder->get()
#4 C:\xampp\htdocs\cloudy\system\BaseModel.php(618): CodeIgniter\Model->doFindAll(0, 0)
#5 C:\xampp\htdocs\cloudy\app\Controllers\Home.php(14): CodeIgniter\BaseModel->findAll()
#6 C:\xampp\htdocs\cloudy\system\CodeIgniter.php(932): App\Controllers\Home->index()
#7 C:\xampp\htdocs\cloudy\system\CodeIgniter.php(497): CodeIgniter\CodeIgniter->runController(Object(App\Controllers\Home))
#8 C:\xampp\htdocs\cloudy\system\CodeIgniter.php(366): CodeIgniter\CodeIgniter->handleRequest(NULL, Object(Config\Cache), false)
#9 C:\xampp\htdocs\cloudy\index.php(67): CodeIgniter\CodeIgniter->run()
#10 {main}
CRITICAL - 2023-07-11 04:30:12 --> Unable to connect to the database.
Main connection [MySQLi]: Access denied for user ''@'localhost' (using password: NO)
in SYSTEMPATH\Database\BaseConnection.php on line 427.
 1 SYSTEMPATH\Database\BaseConnection.php(574): CodeIgniter\Database\BaseConnection->initialize()
 2 SYSTEMPATH\Database\BaseBuilder.php(1616): CodeIgniter\Database\BaseConnection->query('SELECT *
FROM `users`', [], false)
 3 SYSTEMPATH\Model.php(241): CodeIgniter\Database\BaseBuilder->get()
 4 SYSTEMPATH\BaseModel.php(618): CodeIgniter\Model->doFindAll(0, 0)
 5 APPPATH\Controllers\Home.php(14): CodeIgniter\BaseModel->findAll()
 6 SYSTEMPATH\CodeIgniter.php(932): App\Controllers\Home->index()
 7 SYSTEMPATH\CodeIgniter.php(497): CodeIgniter\CodeIgniter->runController(Object(App\Controllers\Home))
 8 SYSTEMPATH\CodeIgniter.php(366): CodeIgniter\CodeIgniter->handleRequest(null, Object(Config\Cache), false)
 9 FCPATH\index.php(67): CodeIgniter\CodeIgniter->run()
ERROR - 2023-07-11 04:30:12 --> Error connecting to the database: mysqli_sql_exception: Access denied for user ''@'localhost' (using password: NO) in C:\xampp\htdocs\cloudy\system\Database\MySQLi\Connection.php:174
Stack trace:
#0 C:\xampp\htdocs\cloudy\system\Database\MySQLi\Connection.php(174): mysqli->real_connect('localhost', '', '', 'cloudy', 3306, '', 0)
#1 C:\xampp\htdocs\cloudy\system\Database\BaseConnection.php(391): CodeIgniter\Database\MySQLi\Connection->connect(false)
#2 C:\xampp\htdocs\cloudy\system\Database\BaseConnection.php(574): CodeIgniter\Database\BaseConnection->initialize()
#3 C:\xampp\htdocs\cloudy\system\Database\BaseBuilder.php(1616): CodeIgniter\Database\BaseConnection->query('SELECT *\nFROM `...', Array, false)
#4 C:\xampp\htdocs\cloudy\system\Model.php(241): CodeIgniter\Database\BaseBuilder->get()
#5 C:\xampp\htdocs\cloudy\system\BaseModel.php(618): CodeIgniter\Model->doFindAll(0, 0)
#6 C:\xampp\htdocs\cloudy\app\Controllers\Home.php(14): CodeIgniter\BaseModel->findAll()
#7 C:\xampp\htdocs\cloudy\system\CodeIgniter.php(932): App\Controllers\Home->index()
#8 C:\xampp\htdocs\cloudy\system\CodeIgniter.php(497): CodeIgniter\CodeIgniter->runController(Object(App\Controllers\Home))
#9 C:\xampp\htdocs\cloudy\system\CodeIgniter.php(366): CodeIgniter\CodeIgniter->handleRequest(NULL, Object(Config\Cache), false)
#10 C:\xampp\htdocs\cloudy\index.php(67): CodeIgniter\CodeIgniter->run()
#11 {main}

Next CodeIgniter\Database\Exceptions\DatabaseException: Access denied for user ''@'localhost' (using password: NO) in C:\xampp\htdocs\cloudy\system\Database\MySQLi\Connection.php:218
Stack trace:
#0 C:\xampp\htdocs\cloudy\system\Database\BaseConnection.php(391): CodeIgniter\Database\MySQLi\Connection->connect(false)
#1 C:\xampp\htdocs\cloudy\system\Database\BaseConnection.php(574): CodeIgniter\Database\BaseConnection->initialize()
#2 C:\xampp\htdocs\cloudy\system\Database\BaseBuilder.php(1616): CodeIgniter\Database\BaseConnection->query('SELECT *\nFROM `...', Array, false)
#3 C:\xampp\htdocs\cloudy\system\Model.php(241): CodeIgniter\Database\BaseBuilder->get()
#4 C:\xampp\htdocs\cloudy\system\BaseModel.php(618): CodeIgniter\Model->doFindAll(0, 0)
#5 C:\xampp\htdocs\cloudy\app\Controllers\Home.php(14): CodeIgniter\BaseModel->findAll()
#6 C:\xampp\htdocs\cloudy\system\CodeIgniter.php(932): App\Controllers\Home->index()
#7 C:\xampp\htdocs\cloudy\system\CodeIgniter.php(497): CodeIgniter\CodeIgniter->runController(Object(App\Controllers\Home))
#8 C:\xampp\htdocs\cloudy\system\CodeIgniter.php(366): CodeIgniter\CodeIgniter->handleRequest(NULL, Object(Config\Cache), false)
#9 C:\xampp\htdocs\cloudy\index.php(67): CodeIgniter\CodeIgniter->run()
#10 {main}
CRITICAL - 2023-07-11 04:30:12 --> Unable to connect to the database.
Main connection [MySQLi]: Access denied for user ''@'localhost' (using password: NO)
in SYSTEMPATH\Database\BaseConnection.php on line 427.
 1 SYSTEMPATH\Database\BaseConnection.php(574): CodeIgniter\Database\BaseConnection->initialize()
 2 SYSTEMPATH\Database\BaseBuilder.php(1616): CodeIgniter\Database\BaseConnection->query('SELECT *
FROM `users`', [], false)
 3 SYSTEMPATH\Model.php(241): CodeIgniter\Database\BaseBuilder->get()
 4 SYSTEMPATH\BaseModel.php(618): CodeIgniter\Model->doFindAll(0, 0)
 5 APPPATH\Controllers\Home.php(14): CodeIgniter\BaseModel->findAll()
 6 SYSTEMPATH\CodeIgniter.php(932): App\Controllers\Home->index()
 7 SYSTEMPATH\CodeIgniter.php(497): CodeIgniter\CodeIgniter->runController(Object(App\Controllers\Home))
 8 SYSTEMPATH\CodeIgniter.php(366): CodeIgniter\CodeIgniter->handleRequest(null, Object(Config\Cache), false)
 9 FCPATH\index.php(67): CodeIgniter\CodeIgniter->run()
ERROR - 2023-07-11 04:30:13 --> Error connecting to the database: mysqli_sql_exception: Access denied for user ''@'localhost' (using password: NO) in C:\xampp\htdocs\cloudy\system\Database\MySQLi\Connection.php:174
Stack trace:
#0 C:\xampp\htdocs\cloudy\system\Database\MySQLi\Connection.php(174): mysqli->real_connect('localhost', '', '', 'cloudy', 3306, '', 0)
#1 C:\xampp\htdocs\cloudy\system\Database\BaseConnection.php(391): CodeIgniter\Database\MySQLi\Connection->connect(false)
#2 C:\xampp\htdocs\cloudy\system\Database\BaseConnection.php(574): CodeIgniter\Database\BaseConnection->initialize()
#3 C:\xampp\htdocs\cloudy\system\Database\BaseBuilder.php(1616): CodeIgniter\Database\BaseConnection->query('SELECT *\nFROM `...', Array, false)
#4 C:\xampp\htdocs\cloudy\system\Model.php(241): CodeIgniter\Database\BaseBuilder->get()
#5 C:\xampp\htdocs\cloudy\system\BaseModel.php(618): CodeIgniter\Model->doFindAll(0, 0)
#6 C:\xampp\htdocs\cloudy\app\Controllers\Home.php(14): CodeIgniter\BaseModel->findAll()
#7 C:\xampp\htdocs\cloudy\system\CodeIgniter.php(932): App\Controllers\Home->index()
#8 C:\xampp\htdocs\cloudy\system\CodeIgniter.php(497): CodeIgniter\CodeIgniter->runController(Object(App\Controllers\Home))
#9 C:\xampp\htdocs\cloudy\system\CodeIgniter.php(366): CodeIgniter\CodeIgniter->handleRequest(NULL, Object(Config\Cache), false)
#10 C:\xampp\htdocs\cloudy\index.php(67): CodeIgniter\CodeIgniter->run()
#11 {main}

Next CodeIgniter\Database\Exceptions\DatabaseException: Access denied for user ''@'localhost' (using password: NO) in C:\xampp\htdocs\cloudy\system\Database\MySQLi\Connection.php:218
Stack trace:
#0 C:\xampp\htdocs\cloudy\system\Database\BaseConnection.php(391): CodeIgniter\Database\MySQLi\Connection->connect(false)
#1 C:\xampp\htdocs\cloudy\system\Database\BaseConnection.php(574): CodeIgniter\Database\BaseConnection->initialize()
#2 C:\xampp\htdocs\cloudy\system\Database\BaseBuilder.php(1616): CodeIgniter\Database\BaseConnection->query('SELECT *\nFROM `...', Array, false)
#3 C:\xampp\htdocs\cloudy\system\Model.php(241): CodeIgniter\Database\BaseBuilder->get()
#4 C:\xampp\htdocs\cloudy\system\BaseModel.php(618): CodeIgniter\Model->doFindAll(0, 0)
#5 C:\xampp\htdocs\cloudy\app\Controllers\Home.php(14): CodeIgniter\BaseModel->findAll()
#6 C:\xampp\htdocs\cloudy\system\CodeIgniter.php(932): App\Controllers\Home->index()
#7 C:\xampp\htdocs\cloudy\system\CodeIgniter.php(497): CodeIgniter\CodeIgniter->runController(Object(App\Controllers\Home))
#8 C:\xampp\htdocs\cloudy\system\CodeIgniter.php(366): CodeIgniter\CodeIgniter->handleRequest(NULL, Object(Config\Cache), false)
#9 C:\xampp\htdocs\cloudy\index.php(67): CodeIgniter\CodeIgniter->run()
#10 {main}
CRITICAL - 2023-07-11 04:30:13 --> Unable to connect to the database.
Main connection [MySQLi]: Access denied for user ''@'localhost' (using password: NO)
in SYSTEMPATH\Database\BaseConnection.php on line 427.
 1 SYSTEMPATH\Database\BaseConnection.php(574): CodeIgniter\Database\BaseConnection->initialize()
 2 SYSTEMPATH\Database\BaseBuilder.php(1616): CodeIgniter\Database\BaseConnection->query('SELECT *
FROM `users`', [], false)
 3 SYSTEMPATH\Model.php(241): CodeIgniter\Database\BaseBuilder->get()
 4 SYSTEMPATH\BaseModel.php(618): CodeIgniter\Model->doFindAll(0, 0)
 5 APPPATH\Controllers\Home.php(14): CodeIgniter\BaseModel->findAll()
 6 SYSTEMPATH\CodeIgniter.php(932): App\Controllers\Home->index()
 7 SYSTEMPATH\CodeIgniter.php(497): CodeIgniter\CodeIgniter->runController(Object(App\Controllers\Home))
 8 SYSTEMPATH\CodeIgniter.php(366): CodeIgniter\CodeIgniter->handleRequest(null, Object(Config\Cache), false)
 9 FCPATH\index.php(67): CodeIgniter\CodeIgniter->run()
ERROR - 2023-07-11 04:30:38 --> Error connecting to the database: mysqli_sql_exception: Access denied for user ''@'localhost' (using password: NO) in C:\xampp\htdocs\cloudy\system\Database\MySQLi\Connection.php:174
Stack trace:
#0 C:\xampp\htdocs\cloudy\system\Database\MySQLi\Connection.php(174): mysqli->real_connect('localhost', '', '', 'cloudy', 3306, '', 0)
#1 C:\xampp\htdocs\cloudy\system\Database\BaseConnection.php(391): CodeIgniter\Database\MySQLi\Connection->connect(false)
#2 C:\xampp\htdocs\cloudy\system\Database\BaseConnection.php(574): CodeIgniter\Database\BaseConnection->initialize()
#3 C:\xampp\htdocs\cloudy\system\Database\BaseBuilder.php(1616): CodeIgniter\Database\BaseConnection->query('SELECT *\nFROM `...', Array, false)
#4 C:\xampp\htdocs\cloudy\system\Model.php(241): CodeIgniter\Database\BaseBuilder->get()
#5 C:\xampp\htdocs\cloudy\system\BaseModel.php(618): CodeIgniter\Model->doFindAll(0, 0)
#6 C:\xampp\htdocs\cloudy\app\Controllers\Home.php(14): CodeIgniter\BaseModel->findAll()
#7 C:\xampp\htdocs\cloudy\system\CodeIgniter.php(932): App\Controllers\Home->index()
#8 C:\xampp\htdocs\cloudy\system\CodeIgniter.php(497): CodeIgniter\CodeIgniter->runController(Object(App\Controllers\Home))
#9 C:\xampp\htdocs\cloudy\system\CodeIgniter.php(366): CodeIgniter\CodeIgniter->handleRequest(NULL, Object(Config\Cache), false)
#10 C:\xampp\htdocs\cloudy\index.php(67): CodeIgniter\CodeIgniter->run()
#11 {main}

Next CodeIgniter\Database\Exceptions\DatabaseException: Access denied for user ''@'localhost' (using password: NO) in C:\xampp\htdocs\cloudy\system\Database\MySQLi\Connection.php:218
Stack trace:
#0 C:\xampp\htdocs\cloudy\system\Database\BaseConnection.php(391): CodeIgniter\Database\MySQLi\Connection->connect(false)
#1 C:\xampp\htdocs\cloudy\system\Database\BaseConnection.php(574): CodeIgniter\Database\BaseConnection->initialize()
#2 C:\xampp\htdocs\cloudy\system\Database\BaseBuilder.php(1616): CodeIgniter\Database\BaseConnection->query('SELECT *\nFROM `...', Array, false)
#3 C:\xampp\htdocs\cloudy\system\Model.php(241): CodeIgniter\Database\BaseBuilder->get()
#4 C:\xampp\htdocs\cloudy\system\BaseModel.php(618): CodeIgniter\Model->doFindAll(0, 0)
#5 C:\xampp\htdocs\cloudy\app\Controllers\Home.php(14): CodeIgniter\BaseModel->findAll()
#6 C:\xampp\htdocs\cloudy\system\CodeIgniter.php(932): App\Controllers\Home->index()
#7 C:\xampp\htdocs\cloudy\system\CodeIgniter.php(497): CodeIgniter\CodeIgniter->runController(Object(App\Controllers\Home))
#8 C:\xampp\htdocs\cloudy\system\CodeIgniter.php(366): CodeIgniter\CodeIgniter->handleRequest(NULL, Object(Config\Cache), false)
#9 C:\xampp\htdocs\cloudy\index.php(67): CodeIgniter\CodeIgniter->run()
#10 {main}
CRITICAL - 2023-07-11 04:30:38 --> Unable to connect to the database.
Main connection [MySQLi]: Access denied for user ''@'localhost' (using password: NO)
in SYSTEMPATH\Database\BaseConnection.php on line 427.
 1 SYSTEMPATH\Database\BaseConnection.php(574): CodeIgniter\Database\BaseConnection->initialize()
 2 SYSTEMPATH\Database\BaseBuilder.php(1616): CodeIgniter\Database\BaseConnection->query('SELECT *
FROM `users`', [], false)
 3 SYSTEMPATH\Model.php(241): CodeIgniter\Database\BaseBuilder->get()
 4 SYSTEMPATH\BaseModel.php(618): CodeIgniter\Model->doFindAll(0, 0)
 5 APPPATH\Controllers\Home.php(14): CodeIgniter\BaseModel->findAll()
 6 SYSTEMPATH\CodeIgniter.php(932): App\Controllers\Home->index()
 7 SYSTEMPATH\CodeIgniter.php(497): CodeIgniter\CodeIgniter->runController(Object(App\Controllers\Home))
 8 SYSTEMPATH\CodeIgniter.php(366): CodeIgniter\CodeIgniter->handleRequest(null, Object(Config\Cache), false)
 9 FCPATH\index.php(67): CodeIgniter\CodeIgniter->run()
ERROR - 2023-07-11 04:30:39 --> Error connecting to the database: mysqli_sql_exception: Access denied for user ''@'localhost' (using password: NO) in C:\xampp\htdocs\cloudy\system\Database\MySQLi\Connection.php:174
Stack trace:
#0 C:\xampp\htdocs\cloudy\system\Database\MySQLi\Connection.php(174): mysqli->real_connect('localhost', '', '', 'cloudy', 3306, '', 0)
#1 C:\xampp\htdocs\cloudy\system\Database\BaseConnection.php(391): CodeIgniter\Database\MySQLi\Connection->connect(false)
#2 C:\xampp\htdocs\cloudy\system\Database\BaseConnection.php(574): CodeIgniter\Database\BaseConnection->initialize()
#3 C:\xampp\htdocs\cloudy\system\Database\BaseBuilder.php(1616): CodeIgniter\Database\BaseConnection->query('SELECT *\nFROM `...', Array, false)
#4 C:\xampp\htdocs\cloudy\system\Model.php(241): CodeIgniter\Database\BaseBuilder->get()
#5 C:\xampp\htdocs\cloudy\system\BaseModel.php(618): CodeIgniter\Model->doFindAll(0, 0)
#6 C:\xampp\htdocs\cloudy\app\Controllers\Home.php(14): CodeIgniter\BaseModel->findAll()
#7 C:\xampp\htdocs\cloudy\system\CodeIgniter.php(932): App\Controllers\Home->index()
#8 C:\xampp\htdocs\cloudy\system\CodeIgniter.php(497): CodeIgniter\CodeIgniter->runController(Object(App\Controllers\Home))
#9 C:\xampp\htdocs\cloudy\system\CodeIgniter.php(366): CodeIgniter\CodeIgniter->handleRequest(NULL, Object(Config\Cache), false)
#10 C:\xampp\htdocs\cloudy\index.php(67): CodeIgniter\CodeIgniter->run()
#11 {main}

Next CodeIgniter\Database\Exceptions\DatabaseException: Access denied for user ''@'localhost' (using password: NO) in C:\xampp\htdocs\cloudy\system\Database\MySQLi\Connection.php:218
Stack trace:
#0 C:\xampp\htdocs\cloudy\system\Database\BaseConnection.php(391): CodeIgniter\Database\MySQLi\Connection->connect(false)
#1 C:\xampp\htdocs\cloudy\system\Database\BaseConnection.php(574): CodeIgniter\Database\BaseConnection->initialize()
#2 C:\xampp\htdocs\cloudy\system\Database\BaseBuilder.php(1616): CodeIgniter\Database\BaseConnection->query('SELECT *\nFROM `...', Array, false)
#3 C:\xampp\htdocs\cloudy\system\Model.php(241): CodeIgniter\Database\BaseBuilder->get()
#4 C:\xampp\htdocs\cloudy\system\BaseModel.php(618): CodeIgniter\Model->doFindAll(0, 0)
#5 C:\xampp\htdocs\cloudy\app\Controllers\Home.php(14): CodeIgniter\BaseModel->findAll()
#6 C:\xampp\htdocs\cloudy\system\CodeIgniter.php(932): App\Controllers\Home->index()
#7 C:\xampp\htdocs\cloudy\system\CodeIgniter.php(497): CodeIgniter\CodeIgniter->runController(Object(App\Controllers\Home))
#8 C:\xampp\htdocs\cloudy\system\CodeIgniter.php(366): CodeIgniter\CodeIgniter->handleRequest(NULL, Object(Config\Cache), false)
#9 C:\xampp\htdocs\cloudy\index.php(67): CodeIgniter\CodeIgniter->run()
#10 {main}
CRITICAL - 2023-07-11 04:30:39 --> Unable to connect to the database.
Main connection [MySQLi]: Access denied for user ''@'localhost' (using password: NO)
in SYSTEMPATH\Database\BaseConnection.php on line 427.
 1 SYSTEMPATH\Database\BaseConnection.php(574): CodeIgniter\Database\BaseConnection->initialize()
 2 SYSTEMPATH\Database\BaseBuilder.php(1616): CodeIgniter\Database\BaseConnection->query('SELECT *
FROM `users`', [], false)
 3 SYSTEMPATH\Model.php(241): CodeIgniter\Database\BaseBuilder->get()
 4 SYSTEMPATH\BaseModel.php(618): CodeIgniter\Model->doFindAll(0, 0)
 5 APPPATH\Controllers\Home.php(14): CodeIgniter\BaseModel->findAll()
 6 SYSTEMPATH\CodeIgniter.php(932): App\Controllers\Home->index()
 7 SYSTEMPATH\CodeIgniter.php(497): CodeIgniter\CodeIgniter->runController(Object(App\Controllers\Home))
 8 SYSTEMPATH\CodeIgniter.php(366): CodeIgniter\CodeIgniter->handleRequest(null, Object(Config\Cache), false)
 9 FCPATH\index.php(67): CodeIgniter\CodeIgniter->run()
ERROR - 2023-07-11 04:30:39 --> Error connecting to the database: mysqli_sql_exception: Access denied for user ''@'localhost' (using password: NO) in C:\xampp\htdocs\cloudy\system\Database\MySQLi\Connection.php:174
Stack trace:
#0 C:\xampp\htdocs\cloudy\system\Database\MySQLi\Connection.php(174): mysqli->real_connect('localhost', '', '', 'cloudy', 3306, '', 0)
#1 C:\xampp\htdocs\cloudy\system\Database\BaseConnection.php(391): CodeIgniter\Database\MySQLi\Connection->connect(false)
#2 C:\xampp\htdocs\cloudy\system\Database\BaseConnection.php(574): CodeIgniter\Database\BaseConnection->initialize()
#3 C:\xampp\htdocs\cloudy\system\Database\BaseBuilder.php(1616): CodeIgniter\Database\BaseConnection->query('SELECT *\nFROM `...', Array, false)
#4 C:\xampp\htdocs\cloudy\system\Model.php(241): CodeIgniter\Database\BaseBuilder->get()
#5 C:\xampp\htdocs\cloudy\system\BaseModel.php(618): CodeIgniter\Model->doFindAll(0, 0)
#6 C:\xampp\htdocs\cloudy\app\Controllers\Home.php(14): CodeIgniter\BaseModel->findAll()
#7 C:\xampp\htdocs\cloudy\system\CodeIgniter.php(932): App\Controllers\Home->index()
#8 C:\xampp\htdocs\cloudy\system\CodeIgniter.php(497): CodeIgniter\CodeIgniter->runController(Object(App\Controllers\Home))
#9 C:\xampp\htdocs\cloudy\system\CodeIgniter.php(366): CodeIgniter\CodeIgniter->handleRequest(NULL, Object(Config\Cache), false)
#10 C:\xampp\htdocs\cloudy\index.php(67): CodeIgniter\CodeIgniter->run()
#11 {main}

Next CodeIgniter\Database\Exceptions\DatabaseException: Access denied for user ''@'localhost' (using password: NO) in C:\xampp\htdocs\cloudy\system\Database\MySQLi\Connection.php:218
Stack trace:
#0 C:\xampp\htdocs\cloudy\system\Database\BaseConnection.php(391): CodeIgniter\Database\MySQLi\Connection->connect(false)
#1 C:\xampp\htdocs\cloudy\system\Database\BaseConnection.php(574): CodeIgniter\Database\BaseConnection->initialize()
#2 C:\xampp\htdocs\cloudy\system\Database\BaseBuilder.php(1616): CodeIgniter\Database\BaseConnection->query('SELECT *\nFROM `...', Array, false)
#3 C:\xampp\htdocs\cloudy\system\Model.php(241): CodeIgniter\Database\BaseBuilder->get()
#4 C:\xampp\htdocs\cloudy\system\BaseModel.php(618): CodeIgniter\Model->doFindAll(0, 0)
#5 C:\xampp\htdocs\cloudy\app\Controllers\Home.php(14): CodeIgniter\BaseModel->findAll()
#6 C:\xampp\htdocs\cloudy\system\CodeIgniter.php(932): App\Controllers\Home->index()
#7 C:\xampp\htdocs\cloudy\system\CodeIgniter.php(497): CodeIgniter\CodeIgniter->runController(Object(App\Controllers\Home))
#8 C:\xampp\htdocs\cloudy\system\CodeIgniter.php(366): CodeIgniter\CodeIgniter->handleRequest(NULL, Object(Config\Cache), false)
#9 C:\xampp\htdocs\cloudy\index.php(67): CodeIgniter\CodeIgniter->run()
#10 {main}
CRITICAL - 2023-07-11 04:30:39 --> Unable to connect to the database.
Main connection [MySQLi]: Access denied for user ''@'localhost' (using password: NO)
in SYSTEMPATH\Database\BaseConnection.php on line 427.
 1 SYSTEMPATH\Database\BaseConnection.php(574): CodeIgniter\Database\BaseConnection->initialize()
 2 SYSTEMPATH\Database\BaseBuilder.php(1616): CodeIgniter\Database\BaseConnection->query('SELECT *
FROM `users`', [], false)
 3 SYSTEMPATH\Model.php(241): CodeIgniter\Database\BaseBuilder->get()
 4 SYSTEMPATH\BaseModel.php(618): CodeIgniter\Model->doFindAll(0, 0)
 5 APPPATH\Controllers\Home.php(14): CodeIgniter\BaseModel->findAll()
 6 SYSTEMPATH\CodeIgniter.php(932): App\Controllers\Home->index()
 7 SYSTEMPATH\CodeIgniter.php(497): CodeIgniter\CodeIgniter->runController(Object(App\Controllers\Home))
 8 SYSTEMPATH\CodeIgniter.php(366): CodeIgniter\CodeIgniter->handleRequest(null, Object(Config\Cache), false)
 9 FCPATH\index.php(67): CodeIgniter\CodeIgniter->run()
ERROR - 2023-07-11 04:30:39 --> Error connecting to the database: mysqli_sql_exception: Access denied for user ''@'localhost' (using password: NO) in C:\xampp\htdocs\cloudy\system\Database\MySQLi\Connection.php:174
Stack trace:
#0 C:\xampp\htdocs\cloudy\system\Database\MySQLi\Connection.php(174): mysqli->real_connect('localhost', '', '', 'cloudy', 3306, '', 0)
#1 C:\xampp\htdocs\cloudy\system\Database\BaseConnection.php(391): CodeIgniter\Database\MySQLi\Connection->connect(false)
#2 C:\xampp\htdocs\cloudy\system\Database\BaseConnection.php(574): CodeIgniter\Database\BaseConnection->initialize()
#3 C:\xampp\htdocs\cloudy\system\Database\BaseBuilder.php(1616): CodeIgniter\Database\BaseConnection->query('SELECT *\nFROM `...', Array, false)
#4 C:\xampp\htdocs\cloudy\system\Model.php(241): CodeIgniter\Database\BaseBuilder->get()
#5 C:\xampp\htdocs\cloudy\system\BaseModel.php(618): CodeIgniter\Model->doFindAll(0, 0)
#6 C:\xampp\htdocs\cloudy\app\Controllers\Home.php(14): CodeIgniter\BaseModel->findAll()
#7 C:\xampp\htdocs\cloudy\system\CodeIgniter.php(932): App\Controllers\Home->index()
#8 C:\xampp\htdocs\cloudy\system\CodeIgniter.php(497): CodeIgniter\CodeIgniter->runController(Object(App\Controllers\Home))
#9 C:\xampp\htdocs\cloudy\system\CodeIgniter.php(366): CodeIgniter\CodeIgniter->handleRequest(NULL, Object(Config\Cache), false)
#10 C:\xampp\htdocs\cloudy\index.php(67): CodeIgniter\CodeIgniter->run()
#11 {main}

Next CodeIgniter\Database\Exceptions\DatabaseException: Access denied for user ''@'localhost' (using password: NO) in C:\xampp\htdocs\cloudy\system\Database\MySQLi\Connection.php:218
Stack trace:
#0 C:\xampp\htdocs\cloudy\system\Database\BaseConnection.php(391): CodeIgniter\Database\MySQLi\Connection->connect(false)
#1 C:\xampp\htdocs\cloudy\system\Database\BaseConnection.php(574): CodeIgniter\Database\BaseConnection->initialize()
#2 C:\xampp\htdocs\cloudy\system\Database\BaseBuilder.php(1616): CodeIgniter\Database\BaseConnection->query('SELECT *\nFROM `...', Array, false)
#3 C:\xampp\htdocs\cloudy\system\Model.php(241): CodeIgniter\Database\BaseBuilder->get()
#4 C:\xampp\htdocs\cloudy\system\BaseModel.php(618): CodeIgniter\Model->doFindAll(0, 0)
#5 C:\xampp\htdocs\cloudy\app\Controllers\Home.php(14): CodeIgniter\BaseModel->findAll()
#6 C:\xampp\htdocs\cloudy\system\CodeIgniter.php(932): App\Controllers\Home->index()
#7 C:\xampp\htdocs\cloudy\system\CodeIgniter.php(497): CodeIgniter\CodeIgniter->runController(Object(App\Controllers\Home))
#8 C:\xampp\htdocs\cloudy\system\CodeIgniter.php(366): CodeIgniter\CodeIgniter->handleRequest(NULL, Object(Config\Cache), false)
#9 C:\xampp\htdocs\cloudy\index.php(67): CodeIgniter\CodeIgniter->run()
#10 {main}
CRITICAL - 2023-07-11 04:30:39 --> Unable to connect to the database.
Main connection [MySQLi]: Access denied for user ''@'localhost' (using password: NO)
in SYSTEMPATH\Database\BaseConnection.php on line 427.
 1 SYSTEMPATH\Database\BaseConnection.php(574): CodeIgniter\Database\BaseConnection->initialize()
 2 SYSTEMPATH\Database\BaseBuilder.php(1616): CodeIgniter\Database\BaseConnection->query('SELECT *
FROM `users`', [], false)
 3 SYSTEMPATH\Model.php(241): CodeIgniter\Database\BaseBuilder->get()
 4 SYSTEMPATH\BaseModel.php(618): CodeIgniter\Model->doFindAll(0, 0)
 5 APPPATH\Controllers\Home.php(14): CodeIgniter\BaseModel->findAll()
 6 SYSTEMPATH\CodeIgniter.php(932): App\Controllers\Home->index()
 7 SYSTEMPATH\CodeIgniter.php(497): CodeIgniter\CodeIgniter->runController(Object(App\Controllers\Home))
 8 SYSTEMPATH\CodeIgniter.php(366): CodeIgniter\CodeIgniter->handleRequest(null, Object(Config\Cache), false)
 9 FCPATH\index.php(67): CodeIgniter\CodeIgniter->run()
ERROR - 2023-07-11 04:30:55 --> Error connecting to the database: mysqli_sql_exception: Access denied for user ''@'localhost' (using password: NO) in C:\xampp\htdocs\cloudy\system\Database\MySQLi\Connection.php:174
Stack trace:
#0 C:\xampp\htdocs\cloudy\system\Database\MySQLi\Connection.php(174): mysqli->real_connect('localhost', '', '', 'cloudy', 3306, '', 0)
#1 C:\xampp\htdocs\cloudy\system\Database\BaseConnection.php(391): CodeIgniter\Database\MySQLi\Connection->connect(false)
#2 C:\xampp\htdocs\cloudy\system\Database\BaseConnection.php(574): CodeIgniter\Database\BaseConnection->initialize()
#3 C:\xampp\htdocs\cloudy\system\Database\BaseBuilder.php(1616): CodeIgniter\Database\BaseConnection->query('SELECT *\nFROM `...', Array, false)
#4 C:\xampp\htdocs\cloudy\system\Model.php(241): CodeIgniter\Database\BaseBuilder->get()
#5 C:\xampp\htdocs\cloudy\system\BaseModel.php(618): CodeIgniter\Model->doFindAll(0, 0)
#6 C:\xampp\htdocs\cloudy\app\Controllers\Home.php(14): CodeIgniter\BaseModel->findAll()
#7 C:\xampp\htdocs\cloudy\system\CodeIgniter.php(932): App\Controllers\Home->index()
#8 C:\xampp\htdocs\cloudy\system\CodeIgniter.php(497): CodeIgniter\CodeIgniter->runController(Object(App\Controllers\Home))
#9 C:\xampp\htdocs\cloudy\system\CodeIgniter.php(366): CodeIgniter\CodeIgniter->handleRequest(NULL, Object(Config\Cache), false)
#10 C:\xampp\htdocs\cloudy\index.php(67): CodeIgniter\CodeIgniter->run()
#11 {main}

Next CodeIgniter\Database\Exceptions\DatabaseException: Access denied for user ''@'localhost' (using password: NO) in C:\xampp\htdocs\cloudy\system\Database\MySQLi\Connection.php:218
Stack trace:
#0 C:\xampp\htdocs\cloudy\system\Database\BaseConnection.php(391): CodeIgniter\Database\MySQLi\Connection->connect(false)
#1 C:\xampp\htdocs\cloudy\system\Database\BaseConnection.php(574): CodeIgniter\Database\BaseConnection->initialize()
#2 C:\xampp\htdocs\cloudy\system\Database\BaseBuilder.php(1616): CodeIgniter\Database\BaseConnection->query('SELECT *\nFROM `...', Array, false)
#3 C:\xampp\htdocs\cloudy\system\Model.php(241): CodeIgniter\Database\BaseBuilder->get()
#4 C:\xampp\htdocs\cloudy\system\BaseModel.php(618): CodeIgniter\Model->doFindAll(0, 0)
#5 C:\xampp\htdocs\cloudy\app\Controllers\Home.php(14): CodeIgniter\BaseModel->findAll()
#6 C:\xampp\htdocs\cloudy\system\CodeIgniter.php(932): App\Controllers\Home->index()
#7 C:\xampp\htdocs\cloudy\system\CodeIgniter.php(497): CodeIgniter\CodeIgniter->runController(Object(App\Controllers\Home))
#8 C:\xampp\htdocs\cloudy\system\CodeIgniter.php(366): CodeIgniter\CodeIgniter->handleRequest(NULL, Object(Config\Cache), false)
#9 C:\xampp\htdocs\cloudy\index.php(67): CodeIgniter\CodeIgniter->run()
#10 {main}
CRITICAL - 2023-07-11 04:30:55 --> Unable to connect to the database.
Main connection [MySQLi]: Access denied for user ''@'localhost' (using password: NO)
in SYSTEMPATH\Database\BaseConnection.php on line 427.
 1 SYSTEMPATH\Database\BaseConnection.php(574): CodeIgniter\Database\BaseConnection->initialize()
 2 SYSTEMPATH\Database\BaseBuilder.php(1616): CodeIgniter\Database\BaseConnection->query('SELECT *
FROM `users`', [], false)
 3 SYSTEMPATH\Model.php(241): CodeIgniter\Database\BaseBuilder->get()
 4 SYSTEMPATH\BaseModel.php(618): CodeIgniter\Model->doFindAll(0, 0)
 5 APPPATH\Controllers\Home.php(14): CodeIgniter\BaseModel->findAll()
 6 SYSTEMPATH\CodeIgniter.php(932): App\Controllers\Home->index()
 7 SYSTEMPATH\CodeIgniter.php(497): CodeIgniter\CodeIgniter->runController(Object(App\Controllers\Home))
 8 SYSTEMPATH\CodeIgniter.php(366): CodeIgniter\CodeIgniter->handleRequest(null, Object(Config\Cache), false)
 9 FCPATH\index.php(67): CodeIgniter\CodeIgniter->run()
CRITICAL - 2023-07-11 04:32:51 --> Invalid file: "header.php"
in SYSTEMPATH\Exceptions\FrameworkException.php on line 33.
 1 SYSTEMPATH\View\View.php(212): CodeIgniter\Exceptions\FrameworkException::forInvalidFile('header.php')
 2 SYSTEMPATH\Common.php(1180): CodeIgniter\View\View->render('header', [], true)
 3 APPPATH\Controllers\Home.php(18): view('header', [...])
 4 SYSTEMPATH\CodeIgniter.php(932): App\Controllers\Home->index()
 5 SYSTEMPATH\CodeIgniter.php(497): CodeIgniter\CodeIgniter->runController(Object(App\Controllers\Home))
 6 SYSTEMPATH\CodeIgniter.php(366): CodeIgniter\CodeIgniter->handleRequest(null, Object(Config\Cache), false)
 7 FCPATH\index.php(67): CodeIgniter\CodeIgniter->run()
CRITICAL - 2023-07-11 05:07:20 --> Undefined array key "unit_name"
in APPPATH\Views\index.php on line 159.
 1 APPPATH\Views\index.php(159): CodeIgniter\Debug\Exceptions->errorHandler(2, 'Undefined array key "unit_name"', 'C:\\xampp\\htdocs\\cloudy\\app\\Views\\index.php', 159)
 2 SYSTEMPATH\View\View.php(224): include('C:\\xampp\\htdocs\\cloudy\\app\\Views\\index.php')
 3 SYSTEMPATH\View\View.php(227): CodeIgniter\View\View->CodeIgniter\View\{closure}()
 4 SYSTEMPATH\Common.php(1180): CodeIgniter\View\View->render('index', [], true)
 5 APPPATH\Controllers\Home.php(16): view('index', [...])
 6 SYSTEMPATH\CodeIgniter.php(932): App\Controllers\Home->index()
 7 SYSTEMPATH\CodeIgniter.php(497): CodeIgniter\CodeIgniter->runController(Object(App\Controllers\Home))
 8 SYSTEMPATH\CodeIgniter.php(366): CodeIgniter\CodeIgniter->handleRequest(null, Object(Config\Cache), false)
 9 FCPATH\index.php(67): CodeIgniter\CodeIgniter->run()
CRITICAL - 2023-07-11 05:07:25 --> Undefined array key "status"
in APPPATH\Views\index.php on line 160.
 1 APPPATH\Views\index.php(160): CodeIgniter\Debug\Exceptions->errorHandler(2, 'Undefined array key "status"', 'C:\\xampp\\htdocs\\cloudy\\app\\Views\\index.php', 160)
 2 SYSTEMPATH\View\View.php(224): include('C:\\xampp\\htdocs\\cloudy\\app\\Views\\index.php')
 3 SYSTEMPATH\View\View.php(227): CodeIgniter\View\View->CodeIgniter\View\{closure}()
 4 SYSTEMPATH\Common.php(1180): CodeIgniter\View\View->render('index', [], true)
 5 APPPATH\Controllers\Home.php(16): view('index', [...])
 6 SYSTEMPATH\CodeIgniter.php(932): App\Controllers\Home->index()
 7 SYSTEMPATH\CodeIgniter.php(497): CodeIgniter\CodeIgniter->runController(Object(App\Controllers\Home))
 8 SYSTEMPATH\CodeIgniter.php(366): CodeIgniter\CodeIgniter->handleRequest(null, Object(Config\Cache), false)
 9 FCPATH\index.php(67): CodeIgniter\CodeIgniter->run()
CRITICAL - 2023-07-11 05:07:29 --> Undefined array key "status"
in APPPATH\Views\index.php on line 160.
 1 APPPATH\Views\index.php(160): CodeIgniter\Debug\Exceptions->errorHandler(2, 'Undefined array key "status"', 'C:\\xampp\\htdocs\\cloudy\\app\\Views\\index.php', 160)
 2 SYSTEMPATH\View\View.php(224): include('C:\\xampp\\htdocs\\cloudy\\app\\Views\\index.php')
 3 SYSTEMPATH\View\View.php(227): CodeIgniter\View\View->CodeIgniter\View\{closure}()
 4 SYSTEMPATH\Common.php(1180): CodeIgniter\View\View->render('index', [], true)
 5 APPPATH\Controllers\Home.php(16): view('index', [...])
 6 SYSTEMPATH\CodeIgniter.php(932): App\Controllers\Home->index()
 7 SYSTEMPATH\CodeIgniter.php(497): CodeIgniter\CodeIgniter->runController(Object(App\Controllers\Home))
 8 SYSTEMPATH\CodeIgniter.php(366): CodeIgniter\CodeIgniter->handleRequest(null, Object(Config\Cache), false)
 9 FCPATH\index.php(67): CodeIgniter\CodeIgniter->run()
CRITICAL - 2023-07-11 05:07:32 --> Undefined array key "unit_id"
in APPPATH\Views\index.php on line 161.
 1 APPPATH\Views\index.php(161): CodeIgniter\Debug\Exceptions->errorHandler(2, 'Undefined array key "unit_id"', 'C:\\xampp\\htdocs\\cloudy\\app\\Views\\index.php', 161)
 2 SYSTEMPATH\View\View.php(224): include('C:\\xampp\\htdocs\\cloudy\\app\\Views\\index.php')
 3 SYSTEMPATH\View\View.php(227): CodeIgniter\View\View->CodeIgniter\View\{closure}()
 4 SYSTEMPATH\Common.php(1180): CodeIgniter\View\View->render('index', [], true)
 5 APPPATH\Controllers\Home.php(16): view('index', [...])
 6 SYSTEMPATH\CodeIgniter.php(932): App\Controllers\Home->index()
 7 SYSTEMPATH\CodeIgniter.php(497): CodeIgniter\CodeIgniter->runController(Object(App\Controllers\Home))
 8 SYSTEMPATH\CodeIgniter.php(366): CodeIgniter\CodeIgniter->handleRequest(null, Object(Config\Cache), false)
 9 FCPATH\index.php(67): CodeIgniter\CodeIgniter->run()
CRITICAL - 2023-07-11 07:28:14 --> Undefined variable $value
in APPPATH\Views\index.php on line 1017.
 1 APPPATH\Views\index.php(1017): CodeIgniter\Debug\Exceptions->errorHandler(2, 'Undefined variable $value', 'C:\\xampp\\htdocs\\cloudy\\app\\Views\\index.php', 1017)
 2 SYSTEMPATH\View\View.php(224): include('C:\\xampp\\htdocs\\cloudy\\app\\Views\\index.php')
 3 SYSTEMPATH\View\View.php(227): CodeIgniter\View\View->CodeIgniter\View\{closure}()
 4 SYSTEMPATH\Common.php(1180): CodeIgniter\View\View->render('index', [], true)
 5 APPPATH\Controllers\Home.php(15): view('index', [...])
 6 SYSTEMPATH\CodeIgniter.php(932): App\Controllers\Home->index()
 7 SYSTEMPATH\CodeIgniter.php(497): CodeIgniter\CodeIgniter->runController(Object(App\Controllers\Home))
 8 SYSTEMPATH\CodeIgniter.php(366): CodeIgniter\CodeIgniter->handleRequest(null, Object(Config\Cache), false)
 9 FCPATH\index.php(67): CodeIgniter\CodeIgniter->run()
CRITICAL - 2023-07-11 09:48:23 --> Undefined variable $unit
in APPPATH\Views\edit.php on line 16.
 1 APPPATH\Views\edit.php(16): CodeIgniter\Debug\Exceptions->errorHandler(2, 'Undefined variable $unit', 'C:\\xampp\\htdocs\\cloudy\\app\\Views\\edit.php', 16)
 2 SYSTEMPATH\View\View.php(224): include('C:\\xampp\\htdocs\\cloudy\\app\\Views\\edit.php')
 3 SYSTEMPATH\View\View.php(227): CodeIgniter\View\View->CodeIgniter\View\{closure}()
 4 SYSTEMPATH\Common.php(1180): CodeIgniter\View\View->render('edit', [], true)
 5 APPPATH\Controllers\Home.php(70): view('edit', [...])
 6 SYSTEMPATH\CodeIgniter.php(932): App\Controllers\Home->edit('6')
 7 SYSTEMPATH\CodeIgniter.php(497): CodeIgniter\CodeIgniter->runController(Object(App\Controllers\Home))
 8 SYSTEMPATH\CodeIgniter.php(366): CodeIgniter\CodeIgniter->handleRequest(null, Object(Config\Cache), false)
 9 FCPATH\index.php(67): CodeIgniter\CodeIgniter->run()
CRITICAL - 2023-07-11 09:48:24 --> Undefined variable $unit
in APPPATH\Views\edit.php on line 16.
 1 APPPATH\Views\edit.php(16): CodeIgniter\Debug\Exceptions->errorHandler(2, 'Undefined variable $unit', 'C:\\xampp\\htdocs\\cloudy\\app\\Views\\edit.php', 16)
 2 SYSTEMPATH\View\View.php(224): include('C:\\xampp\\htdocs\\cloudy\\app\\Views\\edit.php')
 3 SYSTEMPATH\View\View.php(227): CodeIgniter\View\View->CodeIgniter\View\{closure}()
 4 SYSTEMPATH\Common.php(1180): CodeIgniter\View\View->render('edit', [], true)
 5 APPPATH\Controllers\Home.php(70): view('edit', [...])
 6 SYSTEMPATH\CodeIgniter.php(932): App\Controllers\Home->edit('6')
 7 SYSTEMPATH\CodeIgniter.php(497): CodeIgniter\CodeIgniter->runController(Object(App\Controllers\Home))
 8 SYSTEMPATH\CodeIgniter.php(366): CodeIgniter\CodeIgniter->handleRequest(null, Object(Config\Cache), false)
 9 FCPATH\index.php(67): CodeIgniter\CodeIgniter->run()
CRITICAL - 2023-07-11 09:49:07 --> Undefined variable $unit
in APPPATH\Views\edit.php on line 16.
 1 APPPATH\Views\edit.php(16): CodeIgniter\Debug\Exceptions->errorHandler(2, 'Undefined variable $unit', 'C:\\xampp\\htdocs\\cloudy\\app\\Views\\edit.php', 16)
 2 SYSTEMPATH\View\View.php(224): include('C:\\xampp\\htdocs\\cloudy\\app\\Views\\edit.php')
 3 SYSTEMPATH\View\View.php(227): CodeIgniter\View\View->CodeIgniter\View\{closure}()
 4 SYSTEMPATH\Common.php(1180): CodeIgniter\View\View->render('edit', [], true)
 5 APPPATH\Controllers\Home.php(70): view('edit', [...])
 6 SYSTEMPATH\CodeIgniter.php(932): App\Controllers\Home->edit('6')
 7 SYSTEMPATH\CodeIgniter.php(497): CodeIgniter\CodeIgniter->runController(Object(App\Controllers\Home))
 8 SYSTEMPATH\CodeIgniter.php(366): CodeIgniter\CodeIgniter->handleRequest(null, Object(Config\Cache), false)
 9 FCPATH\index.php(67): CodeIgniter\CodeIgniter->run()
CRITICAL - 2023-07-11 11:57:32 --> Undefined variable $value
in APPPATH\Views\edit.php on line 94.
 1 APPPATH\Views\edit.php(94): CodeIgniter\Debug\Exceptions->errorHandler(2, 'Undefined variable $value', 'C:\\xampp\\htdocs\\cloudy\\app\\Views\\edit.php', 94)
 2 SYSTEMPATH\View\View.php(224): include('C:\\xampp\\htdocs\\cloudy\\app\\Views\\edit.php')
 3 SYSTEMPATH\View\View.php(227): CodeIgniter\View\View->CodeIgniter\View\{closure}()
 4 SYSTEMPATH\Common.php(1180): CodeIgniter\View\View->render('edit', [], true)
 5 APPPATH\Controllers\Home.php(70): view('edit', [...])
 6 SYSTEMPATH\CodeIgniter.php(932): App\Controllers\Home->edit('6')
 7 SYSTEMPATH\CodeIgniter.php(497): CodeIgniter\CodeIgniter->runController(Object(App\Controllers\Home))
 8 SYSTEMPATH\CodeIgniter.php(366): CodeIgniter\CodeIgniter->handleRequest(null, Object(Config\Cache), false)
 9 FCPATH\index.php(67): CodeIgniter\CodeIgniter->run()
CRITICAL - 2023-07-11 11:57:42 --> Uninitialized string offset 9
in APPPATH\Views\edit.php on line 94.
 1 APPPATH\Views\edit.php(94): CodeIgniter\Debug\Exceptions->errorHandler(2, 'Uninitialized string offset 9', 'C:\\xampp\\htdocs\\cloudy\\app\\Views\\edit.php', 94)
 2 SYSTEMPATH\View\View.php(224): include('C:\\xampp\\htdocs\\cloudy\\app\\Views\\edit.php')
 3 SYSTEMPATH\View\View.php(227): CodeIgniter\View\View->CodeIgniter\View\{closure}()
 4 SYSTEMPATH\Common.php(1180): CodeIgniter\View\View->render('edit', [], true)
 5 APPPATH\Controllers\Home.php(70): view('edit', [...])
 6 SYSTEMPATH\CodeIgniter.php(932): App\Controllers\Home->edit('6')
 7 SYSTEMPATH\CodeIgniter.php(497): CodeIgniter\CodeIgniter->runController(Object(App\Controllers\Home))
 8 SYSTEMPATH\CodeIgniter.php(366): CodeIgniter\CodeIgniter->handleRequest(null, Object(Config\Cache), false)
 9 FCPATH\index.php(67): CodeIgniter\CodeIgniter->run()
CRITICAL - 2023-07-11 11:58:43 --> Uninitialized string offset 9
in APPPATH\Views\edit.php on line 90.
 1 APPPATH\Views\edit.php(90): CodeIgniter\Debug\Exceptions->errorHandler(2, 'Uninitialized string offset 9', 'C:\\xampp\\htdocs\\cloudy\\app\\Views\\edit.php', 90)
 2 SYSTEMPATH\View\View.php(224): include('C:\\xampp\\htdocs\\cloudy\\app\\Views\\edit.php')
 3 SYSTEMPATH\View\View.php(227): CodeIgniter\View\View->CodeIgniter\View\{closure}()
 4 SYSTEMPATH\Common.php(1180): CodeIgniter\View\View->render('edit', [], true)
 5 APPPATH\Controllers\Home.php(70): view('edit', [...])
 6 SYSTEMPATH\CodeIgniter.php(932): App\Controllers\Home->edit('6')
 7 SYSTEMPATH\CodeIgniter.php(497): CodeIgniter\CodeIgniter->runController(Object(App\Controllers\Home))
 8 SYSTEMPATH\CodeIgniter.php(366): CodeIgniter\CodeIgniter->handleRequest(null, Object(Config\Cache), false)
 9 FCPATH\index.php(67): CodeIgniter\CodeIgniter->run()
CRITICAL - 2023-07-11 11:58:44 --> Uninitialized string offset 9
in APPPATH\Views\edit.php on line 90.
 1 APPPATH\Views\edit.php(90): CodeIgniter\Debug\Exceptions->errorHandler(2, 'Uninitialized string offset 9', 'C:\\xampp\\htdocs\\cloudy\\app\\Views\\edit.php', 90)
 2 SYSTEMPATH\View\View.php(224): include('C:\\xampp\\htdocs\\cloudy\\app\\Views\\edit.php')
 3 SYSTEMPATH\View\View.php(227): CodeIgniter\View\View->CodeIgniter\View\{closure}()
 4 SYSTEMPATH\Common.php(1180): CodeIgniter\View\View->render('edit', [], true)
 5 APPPATH\Controllers\Home.php(70): view('edit', [...])
 6 SYSTEMPATH\CodeIgniter.php(932): App\Controllers\Home->edit('6')
 7 SYSTEMPATH\CodeIgniter.php(497): CodeIgniter\CodeIgniter->runController(Object(App\Controllers\Home))
 8 SYSTEMPATH\CodeIgniter.php(366): CodeIgniter\CodeIgniter->handleRequest(null, Object(Config\Cache), false)
 9 FCPATH\index.php(67): CodeIgniter\CodeIgniter->run()
CRITICAL - 2023-07-11 11:58:44 --> Uninitialized string offset 9
in APPPATH\Views\edit.php on line 90.
 1 APPPATH\Views\edit.php(90): CodeIgniter\Debug\Exceptions->errorHandler(2, 'Uninitialized string offset 9', 'C:\\xampp\\htdocs\\cloudy\\app\\Views\\edit.php', 90)
 2 SYSTEMPATH\View\View.php(224): include('C:\\xampp\\htdocs\\cloudy\\app\\Views\\edit.php')
 3 SYSTEMPATH\View\View.php(227): CodeIgniter\View\View->CodeIgniter\View\{closure}()
 4 SYSTEMPATH\Common.php(1180): CodeIgniter\View\View->render('edit', [], true)
 5 APPPATH\Controllers\Home.php(70): view('edit', [...])
 6 SYSTEMPATH\CodeIgniter.php(932): App\Controllers\Home->edit('6')
 7 SYSTEMPATH\CodeIgniter.php(497): CodeIgniter\CodeIgniter->runController(Object(App\Controllers\Home))
 8 SYSTEMPATH\CodeIgniter.php(366): CodeIgniter\CodeIgniter->handleRequest(null, Object(Config\Cache), false)
 9 FCPATH\index.php(67): CodeIgniter\CodeIgniter->run()
CRITICAL - 2023-07-11 12:00:03 --> Uninitialized string offset 9
in APPPATH\Views\edit.php on line 90.
 1 APPPATH\Views\edit.php(90): CodeIgniter\Debug\Exceptions->errorHandler(2, 'Uninitialized string offset 9', 'C:\\xampp\\htdocs\\cloudy\\app\\Views\\edit.php', 90)
 2 SYSTEMPATH\View\View.php(224): include('C:\\xampp\\htdocs\\cloudy\\app\\Views\\edit.php')
 3 SYSTEMPATH\View\View.php(227): CodeIgniter\View\View->CodeIgniter\View\{closure}()
 4 SYSTEMPATH\Common.php(1180): CodeIgniter\View\View->render('edit', [], true)
 5 APPPATH\Controllers\Home.php(70): view('edit', [...])
 6 SYSTEMPATH\CodeIgniter.php(932): App\Controllers\Home->edit('6')
 7 SYSTEMPATH\CodeIgniter.php(497): CodeIgniter\CodeIgniter->runController(Object(App\Controllers\Home))
 8 SYSTEMPATH\CodeIgniter.php(366): CodeIgniter\CodeIgniter->handleRequest(null, Object(Config\Cache), false)
 9 FCPATH\index.php(67): CodeIgniter\CodeIgniter->run()
CRITICAL - 2023-07-11 12:00:04 --> Uninitialized string offset 9
in APPPATH\Views\edit.php on line 90.
 1 APPPATH\Views\edit.php(90): CodeIgniter\Debug\Exceptions->errorHandler(2, 'Uninitialized string offset 9', 'C:\\xampp\\htdocs\\cloudy\\app\\Views\\edit.php', 90)
 2 SYSTEMPATH\View\View.php(224): include('C:\\xampp\\htdocs\\cloudy\\app\\Views\\edit.php')
 3 SYSTEMPATH\View\View.php(227): CodeIgniter\View\View->CodeIgniter\View\{closure}()
 4 SYSTEMPATH\Common.php(1180): CodeIgniter\View\View->render('edit', [], true)
 5 APPPATH\Controllers\Home.php(70): view('edit', [...])
 6 SYSTEMPATH\CodeIgniter.php(932): App\Controllers\Home->edit('6')
 7 SYSTEMPATH\CodeIgniter.php(497): CodeIgniter\CodeIgniter->runController(Object(App\Controllers\Home))
 8 SYSTEMPATH\CodeIgniter.php(366): CodeIgniter\CodeIgniter->handleRequest(null, Object(Config\Cache), false)
 9 FCPATH\index.php(67): CodeIgniter\CodeIgniter->run()
CRITICAL - 2023-07-11 12:00:05 --> Uninitialized string offset 9
in APPPATH\Views\edit.php on line 90.
 1 APPPATH\Views\edit.php(90): CodeIgniter\Debug\Exceptions->errorHandler(2, 'Uninitialized string offset 9', 'C:\\xampp\\htdocs\\cloudy\\app\\Views\\edit.php', 90)
 2 SYSTEMPATH\View\View.php(224): include('C:\\xampp\\htdocs\\cloudy\\app\\Views\\edit.php')
 3 SYSTEMPATH\View\View.php(227): CodeIgniter\View\View->CodeIgniter\View\{closure}()
 4 SYSTEMPATH\Common.php(1180): CodeIgniter\View\View->render('edit', [], true)
 5 APPPATH\Controllers\Home.php(70): view('edit', [...])
 6 SYSTEMPATH\CodeIgniter.php(932): App\Controllers\Home->edit('6')
 7 SYSTEMPATH\CodeIgniter.php(497): CodeIgniter\CodeIgniter->runController(Object(App\Controllers\Home))
 8 SYSTEMPATH\CodeIgniter.php(366): CodeIgniter\CodeIgniter->handleRequest(null, Object(Config\Cache), false)
 9 FCPATH\index.php(67): CodeIgniter\CodeIgniter->run()
CRITICAL - 2023-07-11 12:01:54 --> Undefined variable $value
in APPPATH\Views\edit.php on line 91.
 1 APPPATH\Views\edit.php(91): CodeIgniter\Debug\Exceptions->errorHandler(2, 'Undefined variable $value', 'C:\\xampp\\htdocs\\cloudy\\app\\Views\\edit.php', 91)
 2 SYSTEMPATH\View\View.php(224): include('C:\\xampp\\htdocs\\cloudy\\app\\Views\\edit.php')
 3 SYSTEMPATH\View\View.php(227): CodeIgniter\View\View->CodeIgniter\View\{closure}()
 4 SYSTEMPATH\Common.php(1180): CodeIgniter\View\View->render('edit', [], true)
 5 APPPATH\Controllers\Home.php(70): view('edit', [...])
 6 SYSTEMPATH\CodeIgniter.php(932): App\Controllers\Home->edit('6')
 7 SYSTEMPATH\CodeIgniter.php(497): CodeIgniter\CodeIgniter->runController(Object(App\Controllers\Home))
 8 SYSTEMPATH\CodeIgniter.php(366): CodeIgniter\CodeIgniter->handleRequest(null, Object(Config\Cache), false)
 9 FCPATH\index.php(67): CodeIgniter\CodeIgniter->run()
CRITICAL - 2023-07-11 12:01:59 --> Undefined variable $value
in APPPATH\Views\edit.php on line 91.
 1 APPPATH\Views\edit.php(91): CodeIgniter\Debug\Exceptions->errorHandler(2, 'Undefined variable $value', 'C:\\xampp\\htdocs\\cloudy\\app\\Views\\edit.php', 91)
 2 SYSTEMPATH\View\View.php(224): include('C:\\xampp\\htdocs\\cloudy\\app\\Views\\edit.php')
 3 SYSTEMPATH\View\View.php(227): CodeIgniter\View\View->CodeIgniter\View\{closure}()
 4 SYSTEMPATH\Common.php(1180): CodeIgniter\View\View->render('edit', [], true)
 5 APPPATH\Controllers\Home.php(70): view('edit', [...])
 6 SYSTEMPATH\CodeIgniter.php(932): App\Controllers\Home->edit('6')
 7 SYSTEMPATH\CodeIgniter.php(497): CodeIgniter\CodeIgniter->runController(Object(App\Controllers\Home))
 8 SYSTEMPATH\CodeIgniter.php(366): CodeIgniter\CodeIgniter->handleRequest(null, Object(Config\Cache), false)
 9 FCPATH\index.php(67): CodeIgniter\CodeIgniter->run()
CRITICAL - 2023-07-11 12:13:06 --> Undefined array key "Andaman and Nicobar Islands"
in APPPATH\Views\edit.php on line 884.
 1 APPPATH\Views\edit.php(884): CodeIgniter\Debug\Exceptions->errorHandler(2, 'Undefined array key "Andaman and Nicobar Islands"', 'C:\\xampp\\htdocs\\cloudy\\app\\Views\\edit.php', 884)
 2 SYSTEMPATH\View\View.php(224): include('C:\\xampp\\htdocs\\cloudy\\app\\Views\\edit.php')
 3 SYSTEMPATH\View\View.php(227): CodeIgniter\View\View->CodeIgniter\View\{closure}()
 4 SYSTEMPATH\Common.php(1180): CodeIgniter\View\View->render('edit', [], true)
 5 APPPATH\Controllers\Home.php(70): view('edit', [...])
 6 SYSTEMPATH\CodeIgniter.php(932): App\Controllers\Home->edit('6')
 7 SYSTEMPATH\CodeIgniter.php(497): CodeIgniter\CodeIgniter->runController(Object(App\Controllers\Home))
 8 SYSTEMPATH\CodeIgniter.php(366): CodeIgniter\CodeIgniter->handleRequest(null, Object(Config\Cache), false)
 9 FCPATH\index.php(67): CodeIgniter\CodeIgniter->run()
CRITICAL - 2023-07-11 12:13:07 --> Undefined array key "Andaman and Nicobar Islands"
in APPPATH\Views\edit.php on line 884.
 1 APPPATH\Views\edit.php(884): CodeIgniter\Debug\Exceptions->errorHandler(2, 'Undefined array key "Andaman and Nicobar Islands"', 'C:\\xampp\\htdocs\\cloudy\\app\\Views\\edit.php', 884)
 2 SYSTEMPATH\View\View.php(224): include('C:\\xampp\\htdocs\\cloudy\\app\\Views\\edit.php')
 3 SYSTEMPATH\View\View.php(227): CodeIgniter\View\View->CodeIgniter\View\{closure}()
 4 SYSTEMPATH\Common.php(1180): CodeIgniter\View\View->render('edit', [], true)
 5 APPPATH\Controllers\Home.php(70): view('edit', [...])
 6 SYSTEMPATH\CodeIgniter.php(932): App\Controllers\Home->edit('6')
 7 SYSTEMPATH\CodeIgniter.php(497): CodeIgniter\CodeIgniter->runController(Object(App\Controllers\Home))
 8 SYSTEMPATH\CodeIgniter.php(366): CodeIgniter\CodeIgniter->handleRequest(null, Object(Config\Cache), false)
 9 FCPATH\index.php(67): CodeIgniter\CodeIgniter->run()
CRITICAL - 2023-07-11 12:14:10 --> Undefined array key 0
in APPPATH\Views\edit.php on line 890.
 1 APPPATH\Views\edit.php(890): CodeIgniter\Debug\Exceptions->errorHandler(2, 'Undefined array key 0', 'C:\\xampp\\htdocs\\cloudy\\app\\Views\\edit.php', 890)
 2 SYSTEMPATH\View\View.php(224): include('C:\\xampp\\htdocs\\cloudy\\app\\Views\\edit.php')
 3 SYSTEMPATH\View\View.php(227): CodeIgniter\View\View->CodeIgniter\View\{closure}()
 4 SYSTEMPATH\Common.php(1180): CodeIgniter\View\View->render('edit', [], true)
 5 APPPATH\Controllers\Home.php(70): view('edit', [...])
 6 SYSTEMPATH\CodeIgniter.php(932): App\Controllers\Home->edit('6')
 7 SYSTEMPATH\CodeIgniter.php(497): CodeIgniter\CodeIgniter->runController(Object(App\Controllers\Home))
 8 SYSTEMPATH\CodeIgniter.php(366): CodeIgniter\CodeIgniter->handleRequest(null, Object(Config\Cache), false)
 9 FCPATH\index.php(67): CodeIgniter\CodeIgniter->run()
CRITICAL - 2023-07-11 12:14:11 --> Undefined array key 0
in APPPATH\Views\edit.php on line 890.
 1 APPPATH\Views\edit.php(890): CodeIgniter\Debug\Exceptions->errorHandler(2, 'Undefined array key 0', 'C:\\xampp\\htdocs\\cloudy\\app\\Views\\edit.php', 890)
 2 SYSTEMPATH\View\View.php(224): include('C:\\xampp\\htdocs\\cloudy\\app\\Views\\edit.php')
 3 SYSTEMPATH\View\View.php(227): CodeIgniter\View\View->CodeIgniter\View\{closure}()
 4 SYSTEMPATH\Common.php(1180): CodeIgniter\View\View->render('edit', [], true)
 5 APPPATH\Controllers\Home.php(70): view('edit', [...])
 6 SYSTEMPATH\CodeIgniter.php(932): App\Controllers\Home->edit('6')
 7 SYSTEMPATH\CodeIgniter.php(497): CodeIgniter\CodeIgniter->runController(Object(App\Controllers\Home))
 8 SYSTEMPATH\CodeIgniter.php(366): CodeIgniter\CodeIgniter->handleRequest(null, Object(Config\Cache), false)
 9 FCPATH\index.php(67): CodeIgniter\CodeIgniter->run()
CRITICAL - 2023-07-11 12:14:11 --> Undefined array key 0
in APPPATH\Views\edit.php on line 890.
 1 APPPATH\Views\edit.php(890): CodeIgniter\Debug\Exceptions->errorHandler(2, 'Undefined array key 0', 'C:\\xampp\\htdocs\\cloudy\\app\\Views\\edit.php', 890)
 2 SYSTEMPATH\View\View.php(224): include('C:\\xampp\\htdocs\\cloudy\\app\\Views\\edit.php')
 3 SYSTEMPATH\View\View.php(227): CodeIgniter\View\View->CodeIgniter\View\{closure}()
 4 SYSTEMPATH\Common.php(1180): CodeIgniter\View\View->render('edit', [], true)
 5 APPPATH\Controllers\Home.php(70): view('edit', [...])
 6 SYSTEMPATH\CodeIgniter.php(932): App\Controllers\Home->edit('6')
 7 SYSTEMPATH\CodeIgniter.php(497): CodeIgniter\CodeIgniter->runController(Object(App\Controllers\Home))
 8 SYSTEMPATH\CodeIgniter.php(366): CodeIgniter\CodeIgniter->handleRequest(null, Object(Config\Cache), false)
 9 FCPATH\index.php(67): CodeIgniter\CodeIgniter->run()
CRITICAL - 2023-07-11 12:15:18 --> Undefined array key 0
in APPPATH\Views\edit.php on line 894.
 1 APPPATH\Views\edit.php(894): CodeIgniter\Debug\Exceptions->errorHandler(2, 'Undefined array key 0', 'C:\\xampp\\htdocs\\cloudy\\app\\Views\\edit.php', 894)
 2 SYSTEMPATH\View\View.php(224): include('C:\\xampp\\htdocs\\cloudy\\app\\Views\\edit.php')
 3 SYSTEMPATH\View\View.php(227): CodeIgniter\View\View->CodeIgniter\View\{closure}()
 4 SYSTEMPATH\Common.php(1180): CodeIgniter\View\View->render('edit', [], true)
 5 APPPATH\Controllers\Home.php(70): view('edit', [...])
 6 SYSTEMPATH\CodeIgniter.php(932): App\Controllers\Home->edit('6')
 7 SYSTEMPATH\CodeIgniter.php(497): CodeIgniter\CodeIgniter->runController(Object(App\Controllers\Home))
 8 SYSTEMPATH\CodeIgniter.php(366): CodeIgniter\CodeIgniter->handleRequest(null, Object(Config\Cache), false)
 9 FCPATH\index.php(67): CodeIgniter\CodeIgniter->run()
CRITICAL - 2023-07-11 12:15:28 --> Array to string conversion
in APPPATH\Views\edit.php on line 894.
 1 APPPATH\Views\edit.php(894): CodeIgniter\Debug\Exceptions->errorHandler(2, 'Array to string conversion', 'C:\\xampp\\htdocs\\cloudy\\app\\Views\\edit.php', 894)
 2 SYSTEMPATH\View\View.php(224): include('C:\\xampp\\htdocs\\cloudy\\app\\Views\\edit.php')
 3 SYSTEMPATH\View\View.php(227): CodeIgniter\View\View->CodeIgniter\View\{closure}()
 4 SYSTEMPATH\Common.php(1180): CodeIgniter\View\View->render('edit', [], true)
 5 APPPATH\Controllers\Home.php(70): view('edit', [...])
 6 SYSTEMPATH\CodeIgniter.php(932): App\Controllers\Home->edit('6')
 7 SYSTEMPATH\CodeIgniter.php(497): CodeIgniter\CodeIgniter->runController(Object(App\Controllers\Home))
 8 SYSTEMPATH\CodeIgniter.php(366): CodeIgniter\CodeIgniter->handleRequest(null, Object(Config\Cache), false)
 9 FCPATH\index.php(67): CodeIgniter\CodeIgniter->run()
CRITICAL - 2023-07-11 12:15:28 --> Array to string conversion
in APPPATH\Views\edit.php on line 894.
 1 APPPATH\Views\edit.php(894): CodeIgniter\Debug\Exceptions->errorHandler(2, 'Array to string conversion', 'C:\\xampp\\htdocs\\cloudy\\app\\Views\\edit.php', 894)
 2 SYSTEMPATH\View\View.php(224): include('C:\\xampp\\htdocs\\cloudy\\app\\Views\\edit.php')
 3 SYSTEMPATH\View\View.php(227): CodeIgniter\View\View->CodeIgniter\View\{closure}()
 4 SYSTEMPATH\Common.php(1180): CodeIgniter\View\View->render('edit', [], true)
 5 APPPATH\Controllers\Home.php(70): view('edit', [...])
 6 SYSTEMPATH\CodeIgniter.php(932): App\Controllers\Home->edit('6')
 7 SYSTEMPATH\CodeIgniter.php(497): CodeIgniter\CodeIgniter->runController(Object(App\Controllers\Home))
 8 SYSTEMPATH\CodeIgniter.php(366): CodeIgniter\CodeIgniter->handleRequest(null, Object(Config\Cache), false)
 9 FCPATH\index.php(67): CodeIgniter\CodeIgniter->run()
CRITICAL - 2023-07-11 12:24:16 --> Array to string conversion
in APPPATH\Views\edit.php on line 894.
 1 APPPATH\Views\edit.php(894): CodeIgniter\Debug\Exceptions->errorHandler(2, 'Array to string conversion', 'C:\\xampp\\htdocs\\cloudy\\app\\Views\\edit.php', 894)
 2 SYSTEMPATH\View\View.php(224): include('C:\\xampp\\htdocs\\cloudy\\app\\Views\\edit.php')
 3 SYSTEMPATH\View\View.php(227): CodeIgniter\View\View->CodeIgniter\View\{closure}()
 4 SYSTEMPATH\Common.php(1180): CodeIgniter\View\View->render('edit', [], true)
 5 APPPATH\Controllers\Home.php(70): view('edit', [...])
 6 SYSTEMPATH\CodeIgniter.php(932): App\Controllers\Home->edit('6')
 7 SYSTEMPATH\CodeIgniter.php(497): CodeIgniter\CodeIgniter->runController(Object(App\Controllers\Home))
 8 SYSTEMPATH\CodeIgniter.php(366): CodeIgniter\CodeIgniter->handleRequest(null, Object(Config\Cache), false)
 9 FCPATH\index.php(67): CodeIgniter\CodeIgniter->run()
CRITICAL - 2023-07-11 12:24:29 --> Array to string conversion
in APPPATH\Views\edit.php on line 894.
 1 APPPATH\Views\edit.php(894): CodeIgniter\Debug\Exceptions->errorHandler(2, 'Array to string conversion', 'C:\\xampp\\htdocs\\cloudy\\app\\Views\\edit.php', 894)
 2 SYSTEMPATH\View\View.php(224): include('C:\\xampp\\htdocs\\cloudy\\app\\Views\\edit.php')
 3 SYSTEMPATH\View\View.php(227): CodeIgniter\View\View->CodeIgniter\View\{closure}()
 4 SYSTEMPATH\Common.php(1180): CodeIgniter\View\View->render('edit', [], true)
 5 APPPATH\Controllers\Home.php(70): view('edit', [...])
 6 SYSTEMPATH\CodeIgniter.php(932): App\Controllers\Home->edit('6')
 7 SYSTEMPATH\CodeIgniter.php(497): CodeIgniter\CodeIgniter->runController(Object(App\Controllers\Home))
 8 SYSTEMPATH\CodeIgniter.php(366): CodeIgniter\CodeIgniter->handleRequest(null, Object(Config\Cache), false)
 9 FCPATH\index.php(67): CodeIgniter\CodeIgniter->run()
CRITICAL - 2023-07-11 12:28:52 --> Array to string conversion
in APPPATH\Views\edit.php on line 927.
 1 APPPATH\Views\edit.php(927): CodeIgniter\Debug\Exceptions->errorHandler(2, 'Array to string conversion', 'C:\\xampp\\htdocs\\cloudy\\app\\Views\\edit.php', 927)
 2 SYSTEMPATH\View\View.php(224): include('C:\\xampp\\htdocs\\cloudy\\app\\Views\\edit.php')
 3 SYSTEMPATH\View\View.php(227): CodeIgniter\View\View->CodeIgniter\View\{closure}()
 4 SYSTEMPATH\Common.php(1180): CodeIgniter\View\View->render('edit', [], true)
 5 APPPATH\Controllers\Home.php(70): view('edit', [...])
 6 SYSTEMPATH\CodeIgniter.php(932): App\Controllers\Home->edit('6')
 7 SYSTEMPATH\CodeIgniter.php(497): CodeIgniter\CodeIgniter->runController(Object(App\Controllers\Home))
 8 SYSTEMPATH\CodeIgniter.php(366): CodeIgniter\CodeIgniter->handleRequest(null, Object(Config\Cache), false)
 9 FCPATH\index.php(67): CodeIgniter\CodeIgniter->run()
CRITICAL - 2023-07-11 12:28:59 --> Array to string conversion
in APPPATH\Views\edit.php on line 927.
 1 APPPATH\Views\edit.php(927): CodeIgniter\Debug\Exceptions->errorHandler(2, 'Array to string conversion', 'C:\\xampp\\htdocs\\cloudy\\app\\Views\\edit.php', 927)
 2 SYSTEMPATH\View\View.php(224): include('C:\\xampp\\htdocs\\cloudy\\app\\Views\\edit.php')
 3 SYSTEMPATH\View\View.php(227): CodeIgniter\View\View->CodeIgniter\View\{closure}()
 4 SYSTEMPATH\Common.php(1180): CodeIgniter\View\View->render('edit', [], true)
 5 APPPATH\Controllers\Home.php(70): view('edit', [...])
 6 SYSTEMPATH\CodeIgniter.php(932): App\Controllers\Home->edit('6')
 7 SYSTEMPATH\CodeIgniter.php(497): CodeIgniter\CodeIgniter->runController(Object(App\Controllers\Home))
 8 SYSTEMPATH\CodeIgniter.php(366): CodeIgniter\CodeIgniter->handleRequest(null, Object(Config\Cache), false)
 9 FCPATH\index.php(67): CodeIgniter\CodeIgniter->run()
CRITICAL - 2023-07-11 12:29:21 --> Undefined array key 0
in APPPATH\Views\edit.php on line 927.
 1 APPPATH\Views\edit.php(927): CodeIgniter\Debug\Exceptions->errorHandler(2, 'Undefined array key 0', 'C:\\xampp\\htdocs\\cloudy\\app\\Views\\edit.php', 927)
 2 SYSTEMPATH\View\View.php(224): include('C:\\xampp\\htdocs\\cloudy\\app\\Views\\edit.php')
 3 SYSTEMPATH\View\View.php(227): CodeIgniter\View\View->CodeIgniter\View\{closure}()
 4 SYSTEMPATH\Common.php(1180): CodeIgniter\View\View->render('edit', [], true)
 5 APPPATH\Controllers\Home.php(70): view('edit', [...])
 6 SYSTEMPATH\CodeIgniter.php(932): App\Controllers\Home->edit('6')
 7 SYSTEMPATH\CodeIgniter.php(497): CodeIgniter\CodeIgniter->runController(Object(App\Controllers\Home))
 8 SYSTEMPATH\CodeIgniter.php(366): CodeIgniter\CodeIgniter->handleRequest(null, Object(Config\Cache), false)
 9 FCPATH\index.php(67): CodeIgniter\CodeIgniter->run()
CRITICAL - 2023-07-11 12:29:26 --> Undefined array key 1
in APPPATH\Views\edit.php on line 927.
 1 APPPATH\Views\edit.php(927): CodeIgniter\Debug\Exceptions->errorHandler(2, 'Undefined array key 1', 'C:\\xampp\\htdocs\\cloudy\\app\\Views\\edit.php', 927)
 2 SYSTEMPATH\View\View.php(224): include('C:\\xampp\\htdocs\\cloudy\\app\\Views\\edit.php')
 3 SYSTEMPATH\View\View.php(227): CodeIgniter\View\View->CodeIgniter\View\{closure}()
 4 SYSTEMPATH\Common.php(1180): CodeIgniter\View\View->render('edit', [], true)
 5 APPPATH\Controllers\Home.php(70): view('edit', [...])
 6 SYSTEMPATH\CodeIgniter.php(932): App\Controllers\Home->edit('6')
 7 SYSTEMPATH\CodeIgniter.php(497): CodeIgniter\CodeIgniter->runController(Object(App\Controllers\Home))
 8 SYSTEMPATH\CodeIgniter.php(366): CodeIgniter\CodeIgniter->handleRequest(null, Object(Config\Cache), false)
 9 FCPATH\index.php(67): CodeIgniter\CodeIgniter->run()
CRITICAL - 2023-07-11 12:29:40 --> Undefined array key 1
in APPPATH\Views\edit.php on line 927.
 1 APPPATH\Views\edit.php(927): CodeIgniter\Debug\Exceptions->errorHandler(2, 'Undefined array key 1', 'C:\\xampp\\htdocs\\cloudy\\app\\Views\\edit.php', 927)
 2 SYSTEMPATH\View\View.php(224): include('C:\\xampp\\htdocs\\cloudy\\app\\Views\\edit.php')
 3 SYSTEMPATH\View\View.php(227): CodeIgniter\View\View->CodeIgniter\View\{closure}()
 4 SYSTEMPATH\Common.php(1180): CodeIgniter\View\View->render('edit', [], true)
 5 APPPATH\Controllers\Home.php(70): view('edit', [...])
 6 SYSTEMPATH\CodeIgniter.php(932): App\Controllers\Home->edit('6')
 7 SYSTEMPATH\CodeIgniter.php(497): CodeIgniter\CodeIgniter->runController(Object(App\Controllers\Home))
 8 SYSTEMPATH\CodeIgniter.php(366): CodeIgniter\CodeIgniter->handleRequest(null, Object(Config\Cache), false)
 9 FCPATH\index.php(67): CodeIgniter\CodeIgniter->run()
CRITICAL - 2023-07-11 12:37:29 --> Undefined variable $state
in APPPATH\Views\edit.php on line 925.
 1 APPPATH\Views\edit.php(925): CodeIgniter\Debug\Exceptions->errorHandler(2, 'Undefined variable $state', 'C:\\xampp\\htdocs\\cloudy\\app\\Views\\edit.php', 925)
 2 SYSTEMPATH\View\View.php(224): include('C:\\xampp\\htdocs\\cloudy\\app\\Views\\edit.php')
 3 SYSTEMPATH\View\View.php(227): CodeIgniter\View\View->CodeIgniter\View\{closure}()
 4 SYSTEMPATH\Common.php(1180): CodeIgniter\View\View->render('edit', [], true)
 5 APPPATH\Controllers\Home.php(70): view('edit', [...])
 6 SYSTEMPATH\CodeIgniter.php(932): App\Controllers\Home->edit('6')
 7 SYSTEMPATH\CodeIgniter.php(497): CodeIgniter\CodeIgniter->runController(Object(App\Controllers\Home))
 8 SYSTEMPATH\CodeIgniter.php(366): CodeIgniter\CodeIgniter->handleRequest(null, Object(Config\Cache), false)
 9 FCPATH\index.php(67): CodeIgniter\CodeIgniter->run()
CRITICAL - 2023-07-11 12:37:29 --> Undefined variable $state
in APPPATH\Views\edit.php on line 925.
 1 APPPATH\Views\edit.php(925): CodeIgniter\Debug\Exceptions->errorHandler(2, 'Undefined variable $state', 'C:\\xampp\\htdocs\\cloudy\\app\\Views\\edit.php', 925)
 2 SYSTEMPATH\View\View.php(224): include('C:\\xampp\\htdocs\\cloudy\\app\\Views\\edit.php')
 3 SYSTEMPATH\View\View.php(227): CodeIgniter\View\View->CodeIgniter\View\{closure}()
 4 SYSTEMPATH\Common.php(1180): CodeIgniter\View\View->render('edit', [], true)
 5 APPPATH\Controllers\Home.php(70): view('edit', [...])
 6 SYSTEMPATH\CodeIgniter.php(932): App\Controllers\Home->edit('6')
 7 SYSTEMPATH\CodeIgniter.php(497): CodeIgniter\CodeIgniter->runController(Object(App\Controllers\Home))
 8 SYSTEMPATH\CodeIgniter.php(366): CodeIgniter\CodeIgniter->handleRequest(null, Object(Config\Cache), false)
 9 FCPATH\index.php(67): CodeIgniter\CodeIgniter->run()
CRITICAL - 2023-07-11 12:37:36 --> in_array(): Argument #2 ($haystack) must be of type array, string given
in APPPATH\Views\edit.php on line 926.
 1 APPPATH\Views\edit.php(926): in_array('Tamil Nadu', 'Port Blair')
 2 SYSTEMPATH\View\View.php(224): include('C:\\xampp\\htdocs\\cloudy\\app\\Views\\edit.php')
 3 SYSTEMPATH\View\View.php(227): CodeIgniter\View\View->CodeIgniter\View\{closure}()
 4 SYSTEMPATH\Common.php(1180): CodeIgniter\View\View->render('edit', [], true)
 5 APPPATH\Controllers\Home.php(70): view('edit', [...])
 6 SYSTEMPATH\CodeIgniter.php(932): App\Controllers\Home->edit('6')
 7 SYSTEMPATH\CodeIgniter.php(497): CodeIgniter\CodeIgniter->runController(Object(App\Controllers\Home))
 8 SYSTEMPATH\CodeIgniter.php(366): CodeIgniter\CodeIgniter->handleRequest(null, Object(Config\Cache), false)
 9 FCPATH\index.php(67): CodeIgniter\CodeIgniter->run()
CRITICAL - 2023-07-11 12:37:37 --> in_array(): Argument #2 ($haystack) must be of type array, string given
in APPPATH\Views\edit.php on line 926.
 1 APPPATH\Views\edit.php(926): in_array('Tamil Nadu', 'Port Blair')
 2 SYSTEMPATH\View\View.php(224): include('C:\\xampp\\htdocs\\cloudy\\app\\Views\\edit.php')
 3 SYSTEMPATH\View\View.php(227): CodeIgniter\View\View->CodeIgniter\View\{closure}()
 4 SYSTEMPATH\Common.php(1180): CodeIgniter\View\View->render('edit', [], true)
 5 APPPATH\Controllers\Home.php(70): view('edit', [...])
 6 SYSTEMPATH\CodeIgniter.php(932): App\Controllers\Home->edit('6')
 7 SYSTEMPATH\CodeIgniter.php(497): CodeIgniter\CodeIgniter->runController(Object(App\Controllers\Home))
 8 SYSTEMPATH\CodeIgniter.php(366): CodeIgniter\CodeIgniter->handleRequest(null, Object(Config\Cache), false)
 9 FCPATH\index.php(67): CodeIgniter\CodeIgniter->run()
CRITICAL - 2023-07-11 12:37:46 --> Undefined variable $cities
in APPPATH\Views\edit.php on line 925.
 1 APPPATH\Views\edit.php(925): CodeIgniter\Debug\Exceptions->errorHandler(2, 'Undefined variable $cities', 'C:\\xampp\\htdocs\\cloudy\\app\\Views\\edit.php', 925)
 2 SYSTEMPATH\View\View.php(224): include('C:\\xampp\\htdocs\\cloudy\\app\\Views\\edit.php')
 3 SYSTEMPATH\View\View.php(227): CodeIgniter\View\View->CodeIgniter\View\{closure}()
 4 SYSTEMPATH\Common.php(1180): CodeIgniter\View\View->render('edit', [], true)
 5 APPPATH\Controllers\Home.php(70): view('edit', [...])
 6 SYSTEMPATH\CodeIgniter.php(932): App\Controllers\Home->edit('6')
 7 SYSTEMPATH\CodeIgniter.php(497): CodeIgniter\CodeIgniter->runController(Object(App\Controllers\Home))
 8 SYSTEMPATH\CodeIgniter.php(366): CodeIgniter\CodeIgniter->handleRequest(null, Object(Config\Cache), false)
 9 FCPATH\index.php(67): CodeIgniter\CodeIgniter->run()
CRITICAL - 2023-07-11 12:37:47 --> Undefined variable $cities
in APPPATH\Views\edit.php on line 925.
 1 APPPATH\Views\edit.php(925): CodeIgniter\Debug\Exceptions->errorHandler(2, 'Undefined variable $cities', 'C:\\xampp\\htdocs\\cloudy\\app\\Views\\edit.php', 925)
 2 SYSTEMPATH\View\View.php(224): include('C:\\xampp\\htdocs\\cloudy\\app\\Views\\edit.php')
 3 SYSTEMPATH\View\View.php(227): CodeIgniter\View\View->CodeIgniter\View\{closure}()
 4 SYSTEMPATH\Common.php(1180): CodeIgniter\View\View->render('edit', [], true)
 5 APPPATH\Controllers\Home.php(70): view('edit', [...])
 6 SYSTEMPATH\CodeIgniter.php(932): App\Controllers\Home->edit('6')
 7 SYSTEMPATH\CodeIgniter.php(497): CodeIgniter\CodeIgniter->runController(Object(App\Controllers\Home))
 8 SYSTEMPATH\CodeIgniter.php(366): CodeIgniter\CodeIgniter->handleRequest(null, Object(Config\Cache), false)
 9 FCPATH\index.php(67): CodeIgniter\CodeIgniter->run()
CRITICAL - 2023-07-11 12:37:47 --> Undefined variable $cities
in APPPATH\Views\edit.php on line 925.
 1 APPPATH\Views\edit.php(925): CodeIgniter\Debug\Exceptions->errorHandler(2, 'Undefined variable $cities', 'C:\\xampp\\htdocs\\cloudy\\app\\Views\\edit.php', 925)
 2 SYSTEMPATH\View\View.php(224): include('C:\\xampp\\htdocs\\cloudy\\app\\Views\\edit.php')
 3 SYSTEMPATH\View\View.php(227): CodeIgniter\View\View->CodeIgniter\View\{closure}()
 4 SYSTEMPATH\Common.php(1180): CodeIgniter\View\View->render('edit', [], true)
 5 APPPATH\Controllers\Home.php(70): view('edit', [...])
 6 SYSTEMPATH\CodeIgniter.php(932): App\Controllers\Home->edit('6')
 7 SYSTEMPATH\CodeIgniter.php(497): CodeIgniter\CodeIgniter->runController(Object(App\Controllers\Home))
 8 SYSTEMPATH\CodeIgniter.php(366): CodeIgniter\CodeIgniter->handleRequest(null, Object(Config\Cache), false)
 9 FCPATH\index.php(67): CodeIgniter\CodeIgniter->run()
CRITICAL - 2023-07-11 13:04:56 --> Undefined variable $citybystate
in APPPATH\Views\edit.php on line 887.
 1 APPPATH\Views\edit.php(887): CodeIgniter\Debug\Exceptions->errorHandler(2, 'Undefined variable $citybystate', 'C:\\xampp\\htdocs\\cloudy\\app\\Views\\edit.php', 887)
 2 SYSTEMPATH\View\View.php(224): include('C:\\xampp\\htdocs\\cloudy\\app\\Views\\edit.php')
 3 SYSTEMPATH\View\View.php(227): CodeIgniter\View\View->CodeIgniter\View\{closure}()
 4 SYSTEMPATH\Common.php(1180): CodeIgniter\View\View->render('edit', [], true)
 5 APPPATH\Controllers\Home.php(70): view('edit', [...])
 6 SYSTEMPATH\CodeIgniter.php(932): App\Controllers\Home->edit('6')
 7 SYSTEMPATH\CodeIgniter.php(497): CodeIgniter\CodeIgniter->runController(Object(App\Controllers\Home))
 8 SYSTEMPATH\CodeIgniter.php(366): CodeIgniter\CodeIgniter->handleRequest(null, Object(Config\Cache), false)
 9 FCPATH\index.php(67): CodeIgniter\CodeIgniter->run()
